WARNING: You're using the Ruby-based MySQL library that ships with Rails. This library is not suited for production. Please install the C-based MySQL library instead (gem install mysql).
  [4;36;1mSQL (0.000145)[0m   [0;1mSET NAMES 'utf8'[0m
  [4;35;1mSQL (0.000124)[0m   [0mSET SQL_AUTO_IS_NULL=0[0m
  [4;36;1mSQL (0.000410)[0m   [0;1mCREATE DATABASE `prereqtest_development` DEFAULT CHARACTER SET `utf8` COLLATE `utf8_general_ci`[0m
  [4;35;1mSQL (0.000104)[0m   [0mSET NAMES 'utf8'[0m
  [4;36;1mSQL (0.000106)[0m   [0;1mSET SQL_AUTO_IS_NULL=0[0m
  [4;35;1mSQL (0.000324)[0m   [0mSHOW TABLES[0m
  [4;36;1mSQL (0.130479)[0m   [0;1mCREATE TABLE `schema_migrations` (`version` varchar(255) NOT NULL) ENGINE=InnoDB[0m
  [4;35;1mSQL (0.052903)[0m   [0mCREATE UNIQUE INDEX `unique_schema_migrations` ON `schema_migrations` (`version`)[0m
  [4;36;1mSQL (0.000670)[0m   [0;1mSHOW TABLES[0m
  [4;35;1mSQL (0.000491)[0m   [0mSELECT version FROM schema_migrations[0m
  [4;36;1mSQL (0.000221)[0m   [0;1mSELECT version FROM schema_migrations[0m
Migrating to CreateUsers (20080708000047)
  [4;35;1mSQL (0.000181)[0m   [0mSELECT version FROM schema_migrations[0m
  [4;36;1mSQL (0.003245)[0m   [0;1mCREATE TABLE `users` (`id` int(11) DEFAULT NULL auto_increment PRIMARY KEY, `name` varchar(255) DEFAULT NULL NULL, `created_at` datetime DEFAULT NULL NULL, `updated_at` datetime DEFAULT NULL NULL) ENGINE=InnoDB[0m
  [4;35;1mSQL (0.001543)[0m   [0mINSERT INTO schema_migrations (version) VALUES ('20080708000047')[0m
Migrating to CreateMugshots (20080708000147)
  [4;36;1mSQL (0.000559)[0m   [0;1mSELECT version FROM schema_migrations[0m
  [4;35;1mSQL (0.004048)[0m   [0mCREATE TABLE `mugshots` (`id` int(11) DEFAULT NULL auto_increment PRIMARY KEY, `parent_id` int(11) DEFAULT NULL NULL, `content_type` varchar(255) DEFAULT NULL NULL, `filename` varchar(255) DEFAULT NULL NULL, `thumbnail` varchar(255) DEFAULT NULL NULL, `size` int(11) DEFAULT NULL NULL, `width` int(11) DEFAULT NULL NULL, `height` int(11) DEFAULT NULL NULL) ENGINE=InnoDB[0m
  [4;36;1mSQL (0.000890)[0m   [0;1mINSERT INTO schema_migrations (version) VALUES ('20080708000147')[0m
  [4;35;1mSQL (0.000396)[0m   [0mSELECT version FROM schema_migrations[0m
  [4;36;1mSQL (0.000582)[0m   [0;1mSHOW TABLES[0m
  [4;35;1mSQL (0.003016)[0m   [0mSHOW FIELDS FROM `mugshots`[0m
  [4;36;1mSQL (0.002705)[0m   [0;1mdescribe `mugshots`[0m
  [4;35;1mSQL (0.001145)[0m   [0mSHOW KEYS FROM `mugshots`[0m
  [4;36;1mSQL (0.002202)[0m   [0;1mSHOW FIELDS FROM `users`[0m
  [4;35;1mSQL (0.001857)[0m   [0mdescribe `users`[0m
  [4;36;1mSQL (0.000617)[0m   [0;1mSHOW KEYS FROM `users`[0m
==> Got Mugshot:count from cache. (0.00205)
WARNING: You're using the Ruby-based MySQL library that ships with Rails. This library is not suited for production. Please install the C-based MySQL library instead (gem install mysql).
  [4;36;1mSQL (0.000147)[0m   [0;1mSET NAMES 'utf8'[0m
  [4;35;1mSQL (0.000125)[0m   [0mSET SQL_AUTO_IS_NULL=0[0m
  [4;36;1mMugshot Columns (0.001832)[0m   [0;1mSHOW FIELDS FROM `mugshots`[0m
  [4;35;1mSQL (0.001569)[0m   [0mSELECT count(*) AS count_all FROM `mugshots` [0m
==> Set Mugshot:count to cache. (0.00226)


Processing MugshotsController#index (for 127.0.0.1 at 2008-07-07 20:26:55) [GET]
  Session ID: 700d084bc5a3d6e43f84ccc20938aedb
  Parameters: {"action"=>"index", "controller"=>"mugshots"}
WARNING: You're using the Ruby-based MySQL library that ships with Rails. This library is not suited for production. Please install the C-based MySQL library instead (gem install mysql).
  [4;36;1mSQL (0.000161)[0m   [0;1mSET NAMES 'utf8'[0m
  [4;35;1mSQL (0.000143)[0m   [0mSET SQL_AUTO_IS_NULL=0[0m
  [4;36;1mMugshot Load (0.000650)[0m   [0;1mSELECT * FROM `mugshots` [0m
Rendering template within layouts/mugshots
Rendering mugshots/index


ActionView::TemplateError (No connection to server) on line #3 of mugshots/index.html.erb:
1: If you see this page, you should have all of the necessary prerequisites to participate in rubyu.  Congrats!
2: 
3: you've uploaded <%= Mugshot.cached_count -%>
4: <%= link_to 'New mugshot', new_mugshot_path %>

    /opt/local/lib/ruby/gems/1.8/gems/memcache-client-1.5.0/lib/memcache.rb:625:in `request_setup'
    /opt/local/lib/ruby/gems/1.8/gems/memcache-client-1.5.0/lib/memcache.rb:204:in `get'
    vendor/plugins/cache_fu/lib/acts_as_cached/cache_methods.rb:193:in `send'
    vendor/plugins/cache_fu/lib/acts_as_cached/cache_methods.rb:193:in `cache_store'
    vendor/plugins/cache_fu/lib/acts_as_cached/cache_methods.rb:215:in `autoload_missing_constants'
    vendor/plugins/cache_fu/lib/acts_as_cached/cache_methods.rb:198:in `swallow_or_raise_cache_errors'
    vendor/plugins/cache_fu/lib/acts_as_cached/cache_methods.rb:192:in `cache_store'
    vendor/plugins/cache_fu/lib/acts_as_cached/cache_methods.rb:151:in `fetch_cache_without_benchmarking'
    vendor/plugins/cache_fu/lib/acts_as_cached/cache_methods.rb:215:in `autoload_missing_constants'
    vendor/plugins/cache_fu/lib/acts_as_cached/cache_methods.rb:150:in `fetch_cache_without_benchmarking'
    vendor/plugins/cache_fu/lib/acts_as_cached/benchmarking.rb:30:in `fetch_cache'
    vendor/plugins/cache_fu/lib/acts_as_cached/benchmarking.rb:18:in `cache_benchmark'
    /opt/local/lib/ruby/gems/1.8/gems/actionpack-2.1.0/lib/action_controller/benchmarking.rb:37:in `silence'
    vendor/plugins/cache_fu/lib/acts_as_cached/benchmarking.rb:18:in `cache_benchmark'
    /opt/local/lib/ruby/gems/1.8/gems/activesupport-2.1.0/lib/active_support/core_ext/benchmark.rb:8:in `realtime'
    vendor/plugins/cache_fu/lib/acts_as_cached/benchmarking.rb:17:in `cache_benchmark'
    vendor/plugins/cache_fu/lib/acts_as_cached/benchmarking.rb:29:in `fetch_cache'
    vendor/plugins/cache_fu/lib/acts_as_cached/cache_methods.rb:31:in `get_cache'
    app/models/mugshot.rb:11:in `cached_count'
    app/views/mugshots/index.html.erb:3:in `_run_erb_47app47views47mugshots47index46html46erb'
    /opt/local/lib/ruby/gems/1.8/gems/actionpack-2.1.0/lib/action_view/base.rb:338:in `send'
    /opt/local/lib/ruby/gems/1.8/gems/actionpack-2.1.0/lib/action_view/base.rb:338:in `execute'
    /opt/local/lib/ruby/gems/1.8/gems/actionpack-2.1.0/lib/action_view/template_handlers/compilable.rb:29:in `send'
    /opt/local/lib/ruby/gems/1.8/gems/actionpack-2.1.0/lib/action_view/template_handlers/compilable.rb:29:in `render'
    /opt/local/lib/ruby/gems/1.8/gems/actionpack-2.1.0/lib/action_view/template.rb:35:in `render'
    /opt/local/lib/ruby/gems/1.8/gems/actionpack-2.1.0/lib/action_view/template.rb:22:in `render_template'
    /opt/local/lib/ruby/gems/1.8/gems/actionpack-2.1.0/lib/action_view/base.rb:245:in `render_file'
    /opt/local/lib/ruby/gems/1.8/gems/actionpack-2.1.0/lib/action_controller/base.rb:1108:in `render_for_file'
    /opt/local/lib/ruby/gems/1.8/gems/actionpack-2.1.0/lib/action_controller/base.rb:865:in `render_with_no_layout'
    /opt/local/lib/ruby/gems/1.8/gems/actionpack-2.1.0/lib/action_controller/base.rb:880:in `render_with_no_layout'
    /opt/local/lib/ruby/gems/1.8/gems/actionpack-2.1.0/lib/action_controller/layout.rb:251:in `render_without_benchmark'
    /opt/local/lib/ruby/gems/1.8/gems/actionpack-2.1.0/lib/action_controller/benchmarking.rb:51:in `render'
    /opt/local/lib/ruby/gems/1.8/gems/activesupport-2.1.0/lib/active_support/core_ext/benchmark.rb:8:in `realtime'
    /opt/local/lib/ruby/gems/1.8/gems/actionpack-2.1.0/lib/action_controller/benchmarking.rb:51:in `render'
    /opt/local/lib/ruby/gems/1.8/gems/actionpack-2.1.0/lib/action_controller/mime_responds.rb:131:in `send'
    /opt/local/lib/ruby/gems/1.8/gems/actionpack-2.1.0/lib/action_controller/mime_responds.rb:131:in `custom'
    /opt/local/lib/ruby/gems/1.8/gems/actionpack-2.1.0/lib/action_controller/mime_responds.rb:160:in `call'
    /opt/local/lib/ruby/gems/1.8/gems/actionpack-2.1.0/lib/action_controller/mime_responds.rb:160:in `respond'
    /opt/local/lib/ruby/gems/1.8/gems/actionpack-2.1.0/lib/action_controller/mime_responds.rb:154:in `each'
    /opt/local/lib/ruby/gems/1.8/gems/actionpack-2.1.0/lib/action_controller/mime_responds.rb:154:in `respond'
    /opt/local/lib/ruby/gems/1.8/gems/actionpack-2.1.0/lib/action_controller/mime_responds.rb:107:in `respond_to'
    app/controllers/mugshots_controller.rb:7:in `index'
    /opt/local/lib/ruby/gems/1.8/gems/actionpack-2.1.0/lib/action_controller/base.rb:1162:in `send'
    /opt/local/lib/ruby/gems/1.8/gems/actionpack-2.1.0/lib/action_controller/base.rb:1162:in `perform_action_without_filters'
    /opt/local/lib/ruby/gems/1.8/gems/actionpack-2.1.0/lib/action_controller/filters.rb:580:in `call_filters'
    /opt/local/lib/ruby/gems/1.8/gems/actionpack-2.1.0/lib/action_controller/filters.rb:573:in `perform_action_without_benchmark'
    /opt/local/lib/ruby/gems/1.8/gems/actionpack-2.1.0/lib/action_controller/benchmarking.rb:68:in `perform_action_without_rescue'
    /opt/local/lib/ruby/1.8/benchmark.rb:293:in `measure'
    /opt/local/lib/ruby/gems/1.8/gems/actionpack-2.1.0/lib/action_controller/benchmarking.rb:68:in `perform_action_without_rescue'
    /opt/local/lib/ruby/gems/1.8/gems/actionpack-2.1.0/lib/action_controller/rescue.rb:201:in `perform_action_without_caching'
    /opt/local/lib/ruby/gems/1.8/gems/actionpack-2.1.0/lib/action_controller/caching/sql_cache.rb:13:in `perform_action'
    /opt/local/lib/ruby/gems/1.8/gems/activerecord-2.1.0/lib/active_record/connection_adapters/abstract/query_cache.rb:33:in `cache'
    /opt/local/lib/ruby/gems/1.8/gems/activerecord-2.1.0/lib/active_record/query_cache.rb:8:in `cache'
    /opt/local/lib/ruby/gems/1.8/gems/actionpack-2.1.0/lib/action_controller/caching/sql_cache.rb:12:in `perform_action'
    /opt/local/lib/ruby/gems/1.8/gems/actionpack-2.1.0/lib/action_controller/base.rb:529:in `send'
    /opt/local/lib/ruby/gems/1.8/gems/actionpack-2.1.0/lib/action_controller/base.rb:529:in `process_without_filters'
    /opt/local/lib/ruby/gems/1.8/gems/actionpack-2.1.0/lib/action_controller/filters.rb:569:in `process_without_session_management_support'
    /opt/local/lib/ruby/gems/1.8/gems/actionpack-2.1.0/lib/action_controller/session_management.rb:130:in `process'
    /opt/local/lib/ruby/gems/1.8/gems/actionpack-2.1.0/lib/action_controller/base.rb:389:in `process'
    /opt/local/lib/ruby/gems/1.8/gems/actionpack-2.1.0/lib/action_controller/dispatcher.rb:149:in `handle_request'
    /opt/local/lib/ruby/gems/1.8/gems/actionpack-2.1.0/lib/action_controller/dispatcher.rb:107:in `dispatch'
    /opt/local/lib/ruby/gems/1.8/gems/actionpack-2.1.0/lib/action_controller/dispatcher.rb:104:in `synchronize'
    /opt/local/lib/ruby/gems/1.8/gems/actionpack-2.1.0/lib/action_controller/dispatcher.rb:104:in `dispatch'
    /opt/local/lib/ruby/gems/1.8/gems/actionpack-2.1.0/lib/action_controller/dispatcher.rb:120:in `dispatch_cgi'
    /opt/local/lib/ruby/gems/1.8/gems/actionpack-2.1.0/lib/action_controller/dispatcher.rb:35:in `dispatch'
    /opt/local/lib/ruby/gems/1.8/gems/mongrel-1.1.5/lib/mongrel/rails.rb:76:in `process'
    /opt/local/lib/ruby/gems/1.8/gems/mongrel-1.1.5/lib/mongrel/rails.rb:74:in `synchronize'
    /opt/local/lib/ruby/gems/1.8/gems/mongrel-1.1.5/lib/mongrel/rails.rb:74:in `process'
    /opt/local/lib/ruby/gems/1.8/gems/mongrel-1.1.5/lib/mongrel.rb:159:in `process_client'
    /opt/local/lib/ruby/gems/1.8/gems/mongrel-1.1.5/lib/mongrel.rb:158:in `each'
    /opt/local/lib/ruby/gems/1.8/gems/mongrel-1.1.5/lib/mongrel.rb:158:in `process_client'
    /opt/local/lib/ruby/gems/1.8/gems/mongrel-1.1.5/lib/mongrel.rb:285:in `run'
    /opt/local/lib/ruby/gems/1.8/gems/mongrel-1.1.5/lib/mongrel.rb:285:in `initialize'
    /opt/local/lib/ruby/gems/1.8/gems/mongrel-1.1.5/lib/mongrel.rb:285:in `new'
    /opt/local/lib/ruby/gems/1.8/gems/mongrel-1.1.5/lib/mongrel.rb:285:in `run'
    /opt/local/lib/ruby/gems/1.8/gems/mongrel-1.1.5/lib/mongrel.rb:268:in `initialize'
    /opt/local/lib/ruby/gems/1.8/gems/mongrel-1.1.5/lib/mongrel.rb:268:in `new'
    /opt/local/lib/ruby/gems/1.8/gems/mongrel-1.1.5/lib/mongrel.rb:268:in `run'
    /opt/local/lib/ruby/gems/1.8/gems/mongrel-1.1.5/lib/mongrel/configurator.rb:282:in `run'
    /opt/local/lib/ruby/gems/1.8/gems/mongrel-1.1.5/lib/mongrel/configurator.rb:281:in `each'
    /opt/local/lib/ruby/gems/1.8/gems/mongrel-1.1.5/lib/mongrel/configurator.rb:281:in `run'
    /opt/local/lib/ruby/gems/1.8/gems/mongrel-1.1.5/bin/mongrel_rails:128:in `run'
    /opt/local/lib/ruby/gems/1.8/gems/mongrel-1.1.5/lib/mongrel/command.rb:212:in `run'
    /opt/local/lib/ruby/gems/1.8/gems/mongrel-1.1.5/bin/mongrel_rails:281
    /opt/local/lib/ruby/gems/1.8/gems/activesupport-2.1.0/lib/active_support/dependencies.rb:502:in `load'
    /opt/local/lib/ruby/gems/1.8/gems/activesupport-2.1.0/lib/active_support/dependencies.rb:502:in `load'
    /opt/local/lib/ruby/gems/1.8/gems/activesupport-2.1.0/lib/active_support/dependencies.rb:354:in `new_constants_in'
    /opt/local/lib/ruby/gems/1.8/gems/activesupport-2.1.0/lib/active_support/dependencies.rb:502:in `load'
    /opt/local/lib/ruby/gems/1.8/gems/rails-2.1.0/lib/commands/servers/mongrel.rb:64
    /opt/local/lib/ruby/site_ruby/1.8/rubygems/custom_require.rb:27:in `gem_original_require'
    /opt/local/lib/ruby/site_ruby/1.8/rubygems/custom_require.rb:27:in `require'
    /opt/local/lib/ruby/gems/1.8/gems/activesupport-2.1.0/lib/active_support/dependencies.rb:509:in `require'
    /opt/local/lib/ruby/gems/1.8/gems/activesupport-2.1.0/lib/active_support/dependencies.rb:354:in `new_constants_in'
    /opt/local/lib/ruby/gems/1.8/gems/activesupport-2.1.0/lib/active_support/dependencies.rb:509:in `require'
    /opt/local/lib/ruby/gems/1.8/gems/rails-2.1.0/lib/commands/server.rb:39
    /opt/local/lib/ruby/site_ruby/1.8/rubygems/custom_require.rb:27:in `gem_original_require'
    /opt/local/lib/ruby/site_ruby/1.8/rubygems/custom_require.rb:27:in `require'
    script/server:3

Rendering /opt/local/lib/ruby/gems/1.8/gems/actionpack-2.1.0/lib/action_controller/templates/rescues/layout.erb (internal_server_error)


Processing MugshotsController#index (for 127.0.0.1 at 2008-07-07 20:27:09) [GET]
  Session ID: BAh7BiIKZmxhc2hJQzonQWN0aW9uQ29udHJvbGxlcjo6Rmxhc2g6OkZsYXNo
SGFzaHsABjoKQHVzZWR7AA==--8448c2801b855dfab6252c5126d7a657800dbf7b
  Parameters: {"action"=>"index", "controller"=>"mugshots"}
  [4;35;1mMugshot Load (0.000625)[0m   [0mSELECT * FROM `mugshots` [0m
Rendering template within layouts/mugshots
Rendering mugshots/index


ActionView::TemplateError (No connection to server) on line #3 of mugshots/index.html.erb:
1: If you see this page, you should have all of the necessary prerequisites to participate in rubyu.  Congrats!
2: 
3: you've uploaded <%= Mugshot.cached_count -%>
4: <%= link_to 'New mugshot', new_mugshot_path %>

    /opt/local/lib/ruby/gems/1.8/gems/memcache-client-1.5.0/lib/memcache.rb:625:in `request_setup'
    /opt/local/lib/ruby/gems/1.8/gems/memcache-client-1.5.0/lib/memcache.rb:204:in `get'
    vendor/plugins/cache_fu/lib/acts_as_cached/cache_methods.rb:193:in `send'
    vendor/plugins/cache_fu/lib/acts_as_cached/cache_methods.rb:193:in `cache_store'
    vendor/plugins/cache_fu/lib/acts_as_cached/cache_methods.rb:215:in `autoload_missing_constants'
    vendor/plugins/cache_fu/lib/acts_as_cached/cache_methods.rb:198:in `swallow_or_raise_cache_errors'
    vendor/plugins/cache_fu/lib/acts_as_cached/cache_methods.rb:192:in `cache_store'
    vendor/plugins/cache_fu/lib/acts_as_cached/cache_methods.rb:151:in `fetch_cache_without_benchmarking'
    vendor/plugins/cache_fu/lib/acts_as_cached/cache_methods.rb:215:in `autoload_missing_constants'
    vendor/plugins/cache_fu/lib/acts_as_cached/cache_methods.rb:150:in `fetch_cache_without_benchmarking'
    vendor/plugins/cache_fu/lib/acts_as_cached/benchmarking.rb:30:in `fetch_cache'
    vendor/plugins/cache_fu/lib/acts_as_cached/benchmarking.rb:18:in `cache_benchmark'
    /opt/local/lib/ruby/gems/1.8/gems/actionpack-2.1.0/lib/action_controller/benchmarking.rb:37:in `silence'
    vendor/plugins/cache_fu/lib/acts_as_cached/benchmarking.rb:18:in `cache_benchmark'
    /opt/local/lib/ruby/gems/1.8/gems/activesupport-2.1.0/lib/active_support/core_ext/benchmark.rb:8:in `realtime'
    vendor/plugins/cache_fu/lib/acts_as_cached/benchmarking.rb:17:in `cache_benchmark'
    vendor/plugins/cache_fu/lib/acts_as_cached/benchmarking.rb:29:in `fetch_cache'
    vendor/plugins/cache_fu/lib/acts_as_cached/cache_methods.rb:31:in `get_cache'
    app/models/mugshot.rb:11:in `cached_count'
    app/views/mugshots/index.html.erb:3:in `_run_erb_47app47views47mugshots47index46html46erb'
    /opt/local/lib/ruby/gems/1.8/gems/actionpack-2.1.0/lib/action_view/base.rb:338:in `send'
    /opt/local/lib/ruby/gems/1.8/gems/actionpack-2.1.0/lib/action_view/base.rb:338:in `execute'
    /opt/local/lib/ruby/gems/1.8/gems/actionpack-2.1.0/lib/action_view/template_handlers/compilable.rb:29:in `send'
    /opt/local/lib/ruby/gems/1.8/gems/actionpack-2.1.0/lib/action_view/template_handlers/compilable.rb:29:in `render'
    /opt/local/lib/ruby/gems/1.8/gems/actionpack-2.1.0/lib/action_view/template.rb:35:in `render'
    /opt/local/lib/ruby/gems/1.8/gems/actionpack-2.1.0/lib/action_view/template.rb:22:in `render_template'
    /opt/local/lib/ruby/gems/1.8/gems/actionpack-2.1.0/lib/action_view/base.rb:245:in `render_file'
    /opt/local/lib/ruby/gems/1.8/gems/actionpack-2.1.0/lib/action_controller/base.rb:1108:in `render_for_file'
    /opt/local/lib/ruby/gems/1.8/gems/actionpack-2.1.0/lib/action_controller/base.rb:865:in `render_with_no_layout'
    /opt/local/lib/ruby/gems/1.8/gems/actionpack-2.1.0/lib/action_controller/base.rb:880:in `render_with_no_layout'
    /opt/local/lib/ruby/gems/1.8/gems/actionpack-2.1.0/lib/action_controller/layout.rb:251:in `render_without_benchmark'
    /opt/local/lib/ruby/gems/1.8/gems/actionpack-2.1.0/lib/action_controller/benchmarking.rb:51:in `render'
    /opt/local/lib/ruby/gems/1.8/gems/activesupport-2.1.0/lib/active_support/core_ext/benchmark.rb:8:in `realtime'
    /opt/local/lib/ruby/gems/1.8/gems/actionpack-2.1.0/lib/action_controller/benchmarking.rb:51:in `render'
    /opt/local/lib/ruby/gems/1.8/gems/actionpack-2.1.0/lib/action_controller/mime_responds.rb:131:in `send'
    /opt/local/lib/ruby/gems/1.8/gems/actionpack-2.1.0/lib/action_controller/mime_responds.rb:131:in `custom'
    /opt/local/lib/ruby/gems/1.8/gems/actionpack-2.1.0/lib/action_controller/mime_responds.rb:160:in `call'
    /opt/local/lib/ruby/gems/1.8/gems/actionpack-2.1.0/lib/action_controller/mime_responds.rb:160:in `respond'
    /opt/local/lib/ruby/gems/1.8/gems/actionpack-2.1.0/lib/action_controller/mime_responds.rb:154:in `each'
    /opt/local/lib/ruby/gems/1.8/gems/actionpack-2.1.0/lib/action_controller/mime_responds.rb:154:in `respond'
    /opt/local/lib/ruby/gems/1.8/gems/actionpack-2.1.0/lib/action_controller/mime_responds.rb:107:in `respond_to'
    app/controllers/mugshots_controller.rb:7:in `index'
    /opt/local/lib/ruby/gems/1.8/gems/actionpack-2.1.0/lib/action_controller/base.rb:1162:in `send'
    /opt/local/lib/ruby/gems/1.8/gems/actionpack-2.1.0/lib/action_controller/base.rb:1162:in `perform_action_without_filters'
    /opt/local/lib/ruby/gems/1.8/gems/actionpack-2.1.0/lib/action_controller/filters.rb:580:in `call_filters'
    /opt/local/lib/ruby/gems/1.8/gems/actionpack-2.1.0/lib/action_controller/filters.rb:573:in `perform_action_without_benchmark'
    /opt/local/lib/ruby/gems/1.8/gems/actionpack-2.1.0/lib/action_controller/benchmarking.rb:68:in `perform_action_without_rescue'
    /opt/local/lib/ruby/1.8/benchmark.rb:293:in `measure'
    /opt/local/lib/ruby/gems/1.8/gems/actionpack-2.1.0/lib/action_controller/benchmarking.rb:68:in `perform_action_without_rescue'
    /opt/local/lib/ruby/gems/1.8/gems/actionpack-2.1.0/lib/action_controller/rescue.rb:201:in `perform_action_without_caching'
    /opt/local/lib/ruby/gems/1.8/gems/actionpack-2.1.0/lib/action_controller/caching/sql_cache.rb:13:in `perform_action'
    /opt/local/lib/ruby/gems/1.8/gems/activerecord-2.1.0/lib/active_record/connection_adapters/abstract/query_cache.rb:33:in `cache'
    /opt/local/lib/ruby/gems/1.8/gems/activerecord-2.1.0/lib/active_record/query_cache.rb:8:in `cache'
    /opt/local/lib/ruby/gems/1.8/gems/actionpack-2.1.0/lib/action_controller/caching/sql_cache.rb:12:in `perform_action'
    /opt/local/lib/ruby/gems/1.8/gems/actionpack-2.1.0/lib/action_controller/base.rb:529:in `send'
    /opt/local/lib/ruby/gems/1.8/gems/actionpack-2.1.0/lib/action_controller/base.rb:529:in `process_without_filters'
    /opt/local/lib/ruby/gems/1.8/gems/actionpack-2.1.0/lib/action_controller/filters.rb:569:in `process_without_session_management_support'
    /opt/local/lib/ruby/gems/1.8/gems/actionpack-2.1.0/lib/action_controller/session_management.rb:130:in `process'
    /opt/local/lib/ruby/gems/1.8/gems/actionpack-2.1.0/lib/action_controller/base.rb:389:in `process'
    /opt/local/lib/ruby/gems/1.8/gems/actionpack-2.1.0/lib/action_controller/dispatcher.rb:149:in `handle_request'
    /opt/local/lib/ruby/gems/1.8/gems/actionpack-2.1.0/lib/action_controller/dispatcher.rb:107:in `dispatch'
    /opt/local/lib/ruby/gems/1.8/gems/actionpack-2.1.0/lib/action_controller/dispatcher.rb:104:in `synchronize'
    /opt/local/lib/ruby/gems/1.8/gems/actionpack-2.1.0/lib/action_controller/dispatcher.rb:104:in `dispatch'
    /opt/local/lib/ruby/gems/1.8/gems/actionpack-2.1.0/lib/action_controller/dispatcher.rb:120:in `dispatch_cgi'
    /opt/local/lib/ruby/gems/1.8/gems/actionpack-2.1.0/lib/action_controller/dispatcher.rb:35:in `dispatch'
    /opt/local/lib/ruby/gems/1.8/gems/mongrel-1.1.5/lib/mongrel/rails.rb:76:in `process'
    /opt/local/lib/ruby/gems/1.8/gems/mongrel-1.1.5/lib/mongrel/rails.rb:74:in `synchronize'
    /opt/local/lib/ruby/gems/1.8/gems/mongrel-1.1.5/lib/mongrel/rails.rb:74:in `process'
    /opt/local/lib/ruby/gems/1.8/gems/mongrel-1.1.5/lib/mongrel.rb:159:in `process_client'
    /opt/local/lib/ruby/gems/1.8/gems/mongrel-1.1.5/lib/mongrel.rb:158:in `each'
    /opt/local/lib/ruby/gems/1.8/gems/mongrel-1.1.5/lib/mongrel.rb:158:in `process_client'
    /opt/local/lib/ruby/gems/1.8/gems/mongrel-1.1.5/lib/mongrel.rb:285:in `run'
    /opt/local/lib/ruby/gems/1.8/gems/mongrel-1.1.5/lib/mongrel.rb:285:in `initialize'
    /opt/local/lib/ruby/gems/1.8/gems/mongrel-1.1.5/lib/mongrel.rb:285:in `new'
    /opt/local/lib/ruby/gems/1.8/gems/mongrel-1.1.5/lib/mongrel.rb:285:in `run'
    /opt/local/lib/ruby/gems/1.8/gems/mongrel-1.1.5/lib/mongrel.rb:268:in `initialize'
    /opt/local/lib/ruby/gems/1.8/gems/mongrel-1.1.5/lib/mongrel.rb:268:in `new'
    /opt/local/lib/ruby/gems/1.8/gems/mongrel-1.1.5/lib/mongrel.rb:268:in `run'
    /opt/local/lib/ruby/gems/1.8/gems/mongrel-1.1.5/lib/mongrel/configurator.rb:282:in `run'
    /opt/local/lib/ruby/gems/1.8/gems/mongrel-1.1.5/lib/mongrel/configurator.rb:281:in `each'
    /opt/local/lib/ruby/gems/1.8/gems/mongrel-1.1.5/lib/mongrel/configurator.rb:281:in `run'
    /opt/local/lib/ruby/gems/1.8/gems/mongrel-1.1.5/bin/mongrel_rails:128:in `run'
    /opt/local/lib/ruby/gems/1.8/gems/mongrel-1.1.5/lib/mongrel/command.rb:212:in `run'
    /opt/local/lib/ruby/gems/1.8/gems/mongrel-1.1.5/bin/mongrel_rails:281
    /opt/local/lib/ruby/gems/1.8/gems/activesupport-2.1.0/lib/active_support/dependencies.rb:502:in `load'
    /opt/local/lib/ruby/gems/1.8/gems/activesupport-2.1.0/lib/active_support/dependencies.rb:502:in `load'
    /opt/local/lib/ruby/gems/1.8/gems/activesupport-2.1.0/lib/active_support/dependencies.rb:354:in `new_constants_in'
    /opt/local/lib/ruby/gems/1.8/gems/activesupport-2.1.0/lib/active_support/dependencies.rb:502:in `load'
    /opt/local/lib/ruby/gems/1.8/gems/rails-2.1.0/lib/commands/servers/mongrel.rb:64
    /opt/local/lib/ruby/site_ruby/1.8/rubygems/custom_require.rb:27:in `gem_original_require'
    /opt/local/lib/ruby/site_ruby/1.8/rubygems/custom_require.rb:27:in `require'
    /opt/local/lib/ruby/gems/1.8/gems/activesupport-2.1.0/lib/active_support/dependencies.rb:509:in `require'
    /opt/local/lib/ruby/gems/1.8/gems/activesupport-2.1.0/lib/active_support/dependencies.rb:354:in `new_constants_in'
    /opt/local/lib/ruby/gems/1.8/gems/activesupport-2.1.0/lib/active_support/dependencies.rb:509:in `require'
    /opt/local/lib/ruby/gems/1.8/gems/rails-2.1.0/lib/commands/server.rb:39
    /opt/local/lib/ruby/site_ruby/1.8/rubygems/custom_require.rb:27:in `gem_original_require'
    /opt/local/lib/ruby/site_ruby/1.8/rubygems/custom_require.rb:27:in `require'
    script/server:3

Rendering /opt/local/lib/ruby/gems/1.8/gems/actionpack-2.1.0/lib/action_controller/templates/rescues/layout.erb (internal_server_error)


Processing MugshotsController#index (for 127.0.0.1 at 2008-07-07 20:27:27) [GET]
  Session ID: BAh7BiIKZmxhc2hJQzonQWN0aW9uQ29udHJvbGxlcjo6Rmxhc2g6OkZsYXNo
SGFzaHsABjoKQHVzZWR7AA==--8448c2801b855dfab6252c5126d7a657800dbf7b
  Parameters: {"action"=>"index", "controller"=>"mugshots"}
WARNING: You're using the Ruby-based MySQL library that ships with Rails. This library is not suited for production. Please install the C-based MySQL library instead (gem install mysql).
  [4;36;1mSQL (0.000161)[0m   [0;1mSET NAMES 'utf8'[0m
  [4;35;1mSQL (0.000140)[0m   [0mSET SQL_AUTO_IS_NULL=0[0m
  [4;36;1mMugshot Load (0.000592)[0m   [0;1mSELECT * FROM `mugshots` [0m
Rendering template within layouts/mugshots
Rendering mugshots/index
==> Got Mugshot:count from cache. (0.00184)
  [4;35;1mMugshot Columns (0.001869)[0m   [0mSHOW FIELDS FROM `mugshots`[0m
  [4;36;1mSQL (0.001935)[0m   [0;1mSELECT count(*) AS count_all FROM `mugshots` [0m
==> Set Mugshot:count to cache. (0.00253)
Completed in 0.17075 (5 reqs/sec) | Rendering: 0.00802 (4%) | Memcache: 0.00437 | DB: 0.00470 (2%) | 200 OK [http://localhost/]


Processing MugshotsController#new (for 127.0.0.1 at 2008-07-07 20:27:30) [GET]
  Session ID: BAh7BiIKZmxhc2hJQzonQWN0aW9uQ29udHJvbGxlcjo6Rmxhc2g6OkZsYXNo
SGFzaHsABjoKQHVzZWR7AA==--8448c2801b855dfab6252c5126d7a657800dbf7b
  Parameters: {"action"=>"new", "controller"=>"mugshots"}
  [4;35;1mMugshot Columns (0.003819)[0m   [0mSHOW FIELDS FROM `mugshots`[0m
Rendering template within layouts/mugshots
Rendering mugshots/new
Completed in 0.05597 (17 reqs/sec) | Rendering: 0.00290 (5%) | DB: 0.00382 (6%) | 200 OK [http://localhost/mugshots/new]


Processing MugshotsController#create (for 127.0.0.1 at 2008-07-07 20:27:46) [POST]
  Session ID: BAh7BzoMY3NyZl9pZCIlYzkxNmNhODcyZTdkY2FiZThlODJkZGU5MmUyNjVi
MDciCmZsYXNoSUM6J0FjdGlvbkNvbnRyb2xsZXI6OkZsYXNoOjpGbGFzaEhh
c2h7AAY6CkB1c2VkewA=--98694d856cd9e404cdfd271ace879dc36038a5b4
  Parameters: {"commit"=>"Create", "authenticity_token"=>"6dbac6ca9a24fcde71437bd838590bf0db5f0172", "action"=>"create", "controller"=>"mugshots", "mugshot"=>{"uploaded_data"=>#<File:/var/folders/-y/-yIGTO7rEraxHNUHBky0F++++TI/-Tmp-/CGI90984-1>}}
  [4;36;1mMugshot Columns (0.001787)[0m   [0;1mSHOW FIELDS FROM `mugshots`[0m
  [4;35;1mSQL (0.001087)[0m   [0mBEGIN[0m
  [4;36;1mSQL (0.000198)[0m   [0;1mCOMMIT[0m
Rendering template within layouts/mugshots
Rendering mugshots/new
Completed in 0.77416 (1 reqs/sec) | Rendering: 0.00126 (0%) | DB: 0.00307 (0%) | 200 OK [http://localhost/mugshots]


Processing MugshotsController#create (for 127.0.0.1 at 2008-07-07 20:28:08) [POST]
  Session ID: BAh7BzoMY3NyZl9pZCIlYzkxNmNhODcyZTdkY2FiZThlODJkZGU5MmUyNjVi
MDciCmZsYXNoSUM6J0FjdGlvbkNvbnRyb2xsZXI6OkZsYXNoOjpGbGFzaEhh
c2h7AAY6CkB1c2VkewA=--98694d856cd9e404cdfd271ace879dc36038a5b4
  Parameters: {"commit"=>"Create", "authenticity_token"=>"6dbac6ca9a24fcde71437bd838590bf0db5f0172", "action"=>"create", "controller"=>"mugshots", "mugshot"=>{"uploaded_data"=>#<File:/var/folders/-y/-yIGTO7rEraxHNUHBky0F++++TI/-Tmp-/CGI90984-3>}}
  [4;35;1mMugshot Columns (0.001945)[0m   [0mSHOW FIELDS FROM `mugshots`[0m
  [4;36;1mSQL (0.000148)[0m   [0;1mBEGIN[0m
  [4;35;1mMugshot Create (0.000356)[0m   [0mINSERT INTO `mugshots` (`content_type`, `thumbnail`, `size`, `filename`, `height`, `parent_id`, `width`) VALUES('image/jpeg', NULL, 3625532, '96.jpg', 200, NULL, 163)[0m
  [4;36;1mMugshot Load (0.000959)[0m   [0;1mSELECT * FROM `mugshots` WHERE (`mugshots`.`parent_id` = 1 AND `mugshots`.`thumbnail` = 'thumb') LIMIT 1[0m
  [4;35;1mMugshot Create (0.000286)[0m   [0mINSERT INTO `mugshots` (`content_type`, `thumbnail`, `size`, `filename`, `height`, `parent_id`, `width`) VALUES('image/jpeg', 'thumb', 27738, '96_thumb.jpg', 100, 1, 82)[0m
  [4;36;1mSQL (0.000623)[0m   [0;1mCOMMIT[0m
Redirected to http://localhost:3001/mugshots/1
Completed in 0.62214 (1 reqs/sec) | DB: 0.00432 (0%) | 302 Found [http://localhost/mugshots]


Processing MugshotsController#show (for 127.0.0.1 at 2008-07-07 20:28:09) [GET]
  Session ID: BAh7BzoMY3NyZl9pZCIlYzkxNmNhODcyZTdkY2FiZThlODJkZGU5MmUyNjVi
MDciCmZsYXNoSUM6J0FjdGlvbkNvbnRyb2xsZXI6OkZsYXNoOjpGbGFzaEhh
c2h7BjoLbm90aWNlIiZNdWdzaG90IHdhcyBzdWNjZXNzZnVsbHkgY3JlYXRl
ZC4GOgpAdXNlZHsGOwdG--b9a8c6a4f26f1773449ceaa788946904d3f63c47
  Parameters: {"action"=>"show", "id"=>"1", "controller"=>"mugshots"}
  [4;35;1mMugshot Columns (0.001956)[0m   [0mSHOW FIELDS FROM `mugshots`[0m
  [4;36;1mMugshot Load (0.000564)[0m   [0;1mSELECT * FROM `mugshots` WHERE (`mugshots`.`id` = 1) [0m
Rendering template within layouts/mugshots
Rendering mugshots/show
Completed in 0.05340 (18 reqs/sec) | Rendering: 0.00114 (2%) | DB: 0.00252 (4%) | 200 OK [http://localhost/mugshots/1]
WARNING: You're using the Ruby-based MySQL library that ships with Rails. This library is not suited for production. Please install the C-based MySQL library instead (gem install mysql).
  [4;36;1mSQL (0.000141)[0m   [0;1mSET NAMES 'utf8'[0m
  [4;35;1mSQL (0.000123)[0m   [0mSET SQL_AUTO_IS_NULL=0[0m
  [4;36;1mMugshot Columns (0.003781)[0m   [0;1mSHOW FIELDS FROM `mugshots`[0m
  [4;35;1mMugshot Load (0.001093)[0m   [0mSELECT * FROM `mugshots` WHERE (`mugshots`.`id` = 1) [0m


Processing MugshotsController#show (for 127.0.0.1 at 2008-07-07 20:35:09) [GET]
  Session ID: BAh7BzoMY3NyZl9pZCIlYzkxNmNhODcyZTdkY2FiZThlODJkZGU5MmUyNjVi
MDciCmZsYXNoSUM6J0FjdGlvbkNvbnRyb2xsZXI6OkZsYXNoOjpGbGFzaEhh
c2h7BjoLbm90aWNlIiZNdWdzaG90IHdhcyBzdWNjZXNzZnVsbHkgY3JlYXRl
ZC4GOgpAdXNlZHsGOwdU--ec0f4d78b8853168d42ba50840095fa90edc927d
  Parameters: {"action"=>"show", "id"=>"1", "controller"=>"mugshots"}
WARNING: You're using the Ruby-based MySQL library that ships with Rails. This library is not suited for production. Please install the C-based MySQL library instead (gem install mysql).
  [4;36;1mSQL (0.000151)[0m   [0;1mSET NAMES 'utf8'[0m
  [4;35;1mSQL (0.000115)[0m   [0mSET SQL_AUTO_IS_NULL=0[0m
  [4;36;1mMugshot Columns (0.001983)[0m   [0;1mSHOW FIELDS FROM `mugshots`[0m
  [4;35;1mMugshot Load (0.002466)[0m   [0mSELECT * FROM `mugshots` WHERE (`mugshots`.`id` = 1) [0m
Rendering template within layouts/mugshots
Rendering mugshots/show
ERROR: compiling _run_erb_47app47views47mugshots47show46html46erb RAISED compile error
/Users/mknox/hack/ruby/prereqtest/app/views/mugshots/show.html.erb:2: syntax error, unexpected tIDENTIFIER, expecting ')'
_erbout.concat(( link_to 'Edit', edit_mugshot_path(@mugshot) ).to_s); _erbout.concat " |\n"
       ^
Function body: def _run_erb_47app47views47mugshots47show46html46erb(local_assigns)
_erbout = ''; _erbout.concat(( image_tag(@mugshot.filename, @mugshot.public_filename ).to_s)
_erbout.concat(( link_to 'Edit', edit_mugshot_path(@mugshot) ).to_s); _erbout.concat " |\n"
_erbout.concat(( link_to 'Back', mugshots_path ).to_s); _erbout.concat "\n"
_erbout
end
Backtrace: /Users/mknox/hack/ruby/prereqtest/app/views/mugshots/show.html.erb:5:in `compile_template'
/opt/local/lib/ruby/gems/1.8/gems/actionpack-2.1.0/lib/action_view/template.rb:55:in `prepare!'
/opt/local/lib/ruby/gems/1.8/gems/actionpack-2.1.0/lib/action_view/template.rb:34:in `render'
/opt/local/lib/ruby/gems/1.8/gems/actionpack-2.1.0/lib/action_view/template.rb:22:in `render_template'
/opt/local/lib/ruby/gems/1.8/gems/actionpack-2.1.0/lib/action_view/base.rb:245:in `render_file'
/opt/local/lib/ruby/gems/1.8/gems/actionpack-2.1.0/lib/action_controller/base.rb:1108:in `render_for_file'
/opt/local/lib/ruby/gems/1.8/gems/actionpack-2.1.0/lib/action_controller/base.rb:865:in `render_with_no_layout'
/opt/local/lib/ruby/gems/1.8/gems/actionpack-2.1.0/lib/action_controller/base.rb:880:in `render_with_no_layout'
/opt/local/lib/ruby/gems/1.8/gems/actionpack-2.1.0/lib/action_controller/layout.rb:251:in `render_without_benchmark'
/opt/local/lib/ruby/gems/1.8/gems/actionpack-2.1.0/lib/action_controller/benchmarking.rb:51:in `render'
/opt/local/lib/ruby/gems/1.8/gems/activesupport-2.1.0/lib/active_support/core_ext/benchmark.rb:8:in `realtime'
/opt/local/lib/ruby/gems/1.8/gems/actionpack-2.1.0/lib/action_controller/benchmarking.rb:51:in `render'
/opt/local/lib/ruby/gems/1.8/gems/actionpack-2.1.0/lib/action_controller/mime_responds.rb:131:in `send'
/opt/local/lib/ruby/gems/1.8/gems/actionpack-2.1.0/lib/action_controller/mime_responds.rb:131:in `custom'
/opt/local/lib/ruby/gems/1.8/gems/actionpack-2.1.0/lib/action_controller/mime_responds.rb:160:in `call'
/opt/local/lib/ruby/gems/1.8/gems/actionpack-2.1.0/lib/action_controller/mime_responds.rb:160:in `respond'
/opt/local/lib/ruby/gems/1.8/gems/actionpack-2.1.0/lib/action_controller/mime_responds.rb:154:in `each'
/opt/local/lib/ruby/gems/1.8/gems/actionpack-2.1.0/lib/action_controller/mime_responds.rb:154:in `respond'
/opt/local/lib/ruby/gems/1.8/gems/actionpack-2.1.0/lib/action_controller/mime_responds.rb:107:in `respond_to'
/Users/mknox/hack/ruby/prereqtest/app/controllers/mugshots_controller.rb:18:in `show'
/opt/local/lib/ruby/gems/1.8/gems/actionpack-2.1.0/lib/action_controller/base.rb:1162:in `send'
/opt/local/lib/ruby/gems/1.8/gems/actionpack-2.1.0/lib/action_controller/base.rb:1162:in `perform_action_without_filters'
/opt/local/lib/ruby/gems/1.8/gems/actionpack-2.1.0/lib/action_controller/filters.rb:580:in `call_filters'
/opt/local/lib/ruby/gems/1.8/gems/actionpack-2.1.0/lib/action_controller/filters.rb:573:in `perform_action_without_benchmark'
/opt/local/lib/ruby/gems/1.8/gems/actionpack-2.1.0/lib/action_controller/benchmarking.rb:68:in `perform_action_without_rescue'
/opt/local/lib/ruby/1.8/benchmark.rb:293:in `measure'
/opt/local/lib/ruby/gems/1.8/gems/actionpack-2.1.0/lib/action_controller/benchmarking.rb:68:in `perform_action_without_rescue'
/opt/local/lib/ruby/gems/1.8/gems/actionpack-2.1.0/lib/action_controller/rescue.rb:201:in `perform_action_without_caching'
/opt/local/lib/ruby/gems/1.8/gems/actionpack-2.1.0/lib/action_controller/caching/sql_cache.rb:13:in `perform_action'
/opt/local/lib/ruby/gems/1.8/gems/activerecord-2.1.0/lib/active_record/connection_adapters/abstract/query_cache.rb:33:in `cache'
/opt/local/lib/ruby/gems/1.8/gems/activerecord-2.1.0/lib/active_record/query_cache.rb:8:in `cache'
/opt/local/lib/ruby/gems/1.8/gems/actionpack-2.1.0/lib/action_controller/caching/sql_cache.rb:12:in `perform_action'
/opt/local/lib/ruby/gems/1.8/gems/actionpack-2.1.0/lib/action_controller/base.rb:529:in `send'
/opt/local/lib/ruby/gems/1.8/gems/actionpack-2.1.0/lib/action_controller/base.rb:529:in `process_without_filters'
/opt/local/lib/ruby/gems/1.8/gems/actionpack-2.1.0/lib/action_controller/filters.rb:569:in `process_without_session_management_support'
/opt/local/lib/ruby/gems/1.8/gems/actionpack-2.1.0/lib/action_controller/session_management.rb:130:in `process'
/opt/local/lib/ruby/gems/1.8/gems/actionpack-2.1.0/lib/action_controller/base.rb:389:in `process'
/opt/local/lib/ruby/gems/1.8/gems/actionpack-2.1.0/lib/action_controller/dispatcher.rb:149:in `handle_request'
/opt/local/lib/ruby/gems/1.8/gems/actionpack-2.1.0/lib/action_controller/dispatcher.rb:107:in `dispatch'
/opt/local/lib/ruby/gems/1.8/gems/actionpack-2.1.0/lib/action_controller/dispatcher.rb:104:in `synchronize'
/opt/local/lib/ruby/gems/1.8/gems/actionpack-2.1.0/lib/action_controller/dispatcher.rb:104:in `dispatch'
/opt/local/lib/ruby/gems/1.8/gems/actionpack-2.1.0/lib/action_controller/dispatcher.rb:120:in `dispatch_cgi'
/opt/local/lib/ruby/gems/1.8/gems/actionpack-2.1.0/lib/action_controller/dispatcher.rb:35:in `dispatch'
/opt/local/lib/ruby/gems/1.8/gems/mongrel-1.1.5/bin/../lib/mongrel/rails.rb:76:in `process'
/opt/local/lib/ruby/gems/1.8/gems/mongrel-1.1.5/bin/../lib/mongrel/rails.rb:74:in `synchronize'
/opt/local/lib/ruby/gems/1.8/gems/mongrel-1.1.5/bin/../lib/mongrel/rails.rb:74:in `process'
/opt/local/lib/ruby/gems/1.8/gems/mongrel-1.1.5/lib/mongrel.rb:159:in `process_client'
/opt/local/lib/ruby/gems/1.8/gems/mongrel-1.1.5/lib/mongrel.rb:158:in `each'
/opt/local/lib/ruby/gems/1.8/gems/mongrel-1.1.5/lib/mongrel.rb:158:in `process_client'
/opt/local/lib/ruby/gems/1.8/gems/mongrel-1.1.5/lib/mongrel.rb:285:in `run'
/opt/local/lib/ruby/gems/1.8/gems/mongrel-1.1.5/lib/mongrel.rb:285:in `initialize'
/opt/local/lib/ruby/gems/1.8/gems/mongrel-1.1.5/lib/mongrel.rb:285:in `new'
/opt/local/lib/ruby/gems/1.8/gems/mongrel-1.1.5/lib/mongrel.rb:285:in `run'
/opt/local/lib/ruby/gems/1.8/gems/mongrel-1.1.5/lib/mongrel.rb:268:in `initialize'
/opt/local/lib/ruby/gems/1.8/gems/mongrel-1.1.5/lib/mongrel.rb:268:in `new'
/opt/local/lib/ruby/gems/1.8/gems/mongrel-1.1.5/lib/mongrel.rb:268:in `run'
/opt/local/lib/ruby/gems/1.8/gems/mongrel-1.1.5/lib/mongrel/configurator.rb:282:in `run'
/opt/local/lib/ruby/gems/1.8/gems/mongrel-1.1.5/lib/mongrel/configurator.rb:281:in `each'
/opt/local/lib/ruby/gems/1.8/gems/mongrel-1.1.5/lib/mongrel/configurator.rb:281:in `run'
/opt/local/lib/ruby/gems/1.8/gems/mongrel-1.1.5/bin/mongrel_rails:128:in `run'
/opt/local/lib/ruby/gems/1.8/gems/mongrel-1.1.5/lib/mongrel/command.rb:212:in `run'
/opt/local/lib/ruby/gems/1.8/gems/mongrel-1.1.5/bin/mongrel_rails:281
/opt/local/lib/ruby/gems/1.8/gems/activesupport-2.1.0/lib/active_support/dependencies.rb:502:in `load'
/opt/local/lib/ruby/gems/1.8/gems/activesupport-2.1.0/lib/active_support/dependencies.rb:502:in `load'
/opt/local/lib/ruby/gems/1.8/gems/activesupport-2.1.0/lib/active_support/dependencies.rb:354:in `new_constants_in'
/opt/local/lib/ruby/gems/1.8/gems/activesupport-2.1.0/lib/active_support/dependencies.rb:502:in `load'
/opt/local/lib/ruby/gems/1.8/gems/rails-2.1.0/lib/commands/servers/mongrel.rb:64
/opt/local/lib/ruby/site_ruby/1.8/rubygems/custom_require.rb:27:in `gem_original_require'
/opt/local/lib/ruby/site_ruby/1.8/rubygems/custom_require.rb:27:in `require'
/opt/local/lib/ruby/gems/1.8/gems/activesupport-2.1.0/lib/active_support/dependencies.rb:509:in `require'
/opt/local/lib/ruby/gems/1.8/gems/activesupport-2.1.0/lib/active_support/dependencies.rb:354:in `new_constants_in'
/opt/local/lib/ruby/gems/1.8/gems/activesupport-2.1.0/lib/active_support/dependencies.rb:509:in `require'
/opt/local/lib/ruby/gems/1.8/gems/rails-2.1.0/lib/commands/server.rb:39
/opt/local/lib/ruby/site_ruby/1.8/rubygems/custom_require.rb:27:in `gem_original_require'
/opt/local/lib/ruby/site_ruby/1.8/rubygems/custom_require.rb:27:in `require'
./script/server:3


ActionView::TemplateError (compile error
/Users/mknox/hack/ruby/prereqtest/app/views/mugshots/show.html.erb:2: syntax error, unexpected tIDENTIFIER, expecting ')'
_erbout.concat(( link_to 'Edit', edit_mugshot_path(@mugshot) ).to_s); _erbout.concat " |\n"
       ^) on line #2 of mugshots/show.html.erb:
1: <%= image_tag(@mugshot.filename, @mugshot.public_filename -%>
2: <%= link_to 'Edit', edit_mugshot_path(@mugshot) %> |
3: <%= link_to 'Back', mugshots_path %>

    app/views/mugshots/show.html.erb:5:in `compile_template'
    /opt/local/lib/ruby/gems/1.8/gems/actionpack-2.1.0/lib/action_view/template.rb:55:in `prepare!'
    /opt/local/lib/ruby/gems/1.8/gems/actionpack-2.1.0/lib/action_view/template.rb:34:in `render'
    /opt/local/lib/ruby/gems/1.8/gems/actionpack-2.1.0/lib/action_view/template.rb:22:in `render_template'
    /opt/local/lib/ruby/gems/1.8/gems/actionpack-2.1.0/lib/action_view/base.rb:245:in `render_file'
    /opt/local/lib/ruby/gems/1.8/gems/actionpack-2.1.0/lib/action_controller/base.rb:1108:in `render_for_file'
    /opt/local/lib/ruby/gems/1.8/gems/actionpack-2.1.0/lib/action_controller/base.rb:865:in `render_with_no_layout'
    /opt/local/lib/ruby/gems/1.8/gems/actionpack-2.1.0/lib/action_controller/base.rb:880:in `render_with_no_layout'
    /opt/local/lib/ruby/gems/1.8/gems/actionpack-2.1.0/lib/action_controller/layout.rb:251:in `render_without_benchmark'
    /opt/local/lib/ruby/gems/1.8/gems/actionpack-2.1.0/lib/action_controller/benchmarking.rb:51:in `render'
    /opt/local/lib/ruby/gems/1.8/gems/activesupport-2.1.0/lib/active_support/core_ext/benchmark.rb:8:in `realtime'
    /opt/local/lib/ruby/gems/1.8/gems/actionpack-2.1.0/lib/action_controller/benchmarking.rb:51:in `render'
    /opt/local/lib/ruby/gems/1.8/gems/actionpack-2.1.0/lib/action_controller/mime_responds.rb:131:in `send'
    /opt/local/lib/ruby/gems/1.8/gems/actionpack-2.1.0/lib/action_controller/mime_responds.rb:131:in `custom'
    /opt/local/lib/ruby/gems/1.8/gems/actionpack-2.1.0/lib/action_controller/mime_responds.rb:160:in `call'
    /opt/local/lib/ruby/gems/1.8/gems/actionpack-2.1.0/lib/action_controller/mime_responds.rb:160:in `respond'
    /opt/local/lib/ruby/gems/1.8/gems/actionpack-2.1.0/lib/action_controller/mime_responds.rb:154:in `each'
    /opt/local/lib/ruby/gems/1.8/gems/actionpack-2.1.0/lib/action_controller/mime_responds.rb:154:in `respond'
    /opt/local/lib/ruby/gems/1.8/gems/actionpack-2.1.0/lib/action_controller/mime_responds.rb:107:in `respond_to'
    app/controllers/mugshots_controller.rb:18:in `show'
    /opt/local/lib/ruby/gems/1.8/gems/actionpack-2.1.0/lib/action_controller/base.rb:1162:in `send'
    /opt/local/lib/ruby/gems/1.8/gems/actionpack-2.1.0/lib/action_controller/base.rb:1162:in `perform_action_without_filters'
    /opt/local/lib/ruby/gems/1.8/gems/actionpack-2.1.0/lib/action_controller/filters.rb:580:in `call_filters'
    /opt/local/lib/ruby/gems/1.8/gems/actionpack-2.1.0/lib/action_controller/filters.rb:573:in `perform_action_without_benchmark'
    /opt/local/lib/ruby/gems/1.8/gems/actionpack-2.1.0/lib/action_controller/benchmarking.rb:68:in `perform_action_without_rescue'
    /opt/local/lib/ruby/1.8/benchmark.rb:293:in `measure'
    /opt/local/lib/ruby/gems/1.8/gems/actionpack-2.1.0/lib/action_controller/benchmarking.rb:68:in `perform_action_without_rescue'
    /opt/local/lib/ruby/gems/1.8/gems/actionpack-2.1.0/lib/action_controller/rescue.rb:201:in `perform_action_without_caching'
    /opt/local/lib/ruby/gems/1.8/gems/actionpack-2.1.0/lib/action_controller/caching/sql_cache.rb:13:in `perform_action'
    /opt/local/lib/ruby/gems/1.8/gems/activerecord-2.1.0/lib/active_record/connection_adapters/abstract/query_cache.rb:33:in `cache'
    /opt/local/lib/ruby/gems/1.8/gems/activerecord-2.1.0/lib/active_record/query_cache.rb:8:in `cache'
    /opt/local/lib/ruby/gems/1.8/gems/actionpack-2.1.0/lib/action_controller/caching/sql_cache.rb:12:in `perform_action'
    /opt/local/lib/ruby/gems/1.8/gems/actionpack-2.1.0/lib/action_controller/base.rb:529:in `send'
    /opt/local/lib/ruby/gems/1.8/gems/actionpack-2.1.0/lib/action_controller/base.rb:529:in `process_without_filters'
    /opt/local/lib/ruby/gems/1.8/gems/actionpack-2.1.0/lib/action_controller/filters.rb:569:in `process_without_session_management_support'
    /opt/local/lib/ruby/gems/1.8/gems/actionpack-2.1.0/lib/action_controller/session_management.rb:130:in `process'
    /opt/local/lib/ruby/gems/1.8/gems/actionpack-2.1.0/lib/action_controller/base.rb:389:in `process'
    /opt/local/lib/ruby/gems/1.8/gems/actionpack-2.1.0/lib/action_controller/dispatcher.rb:149:in `handle_request'
    /opt/local/lib/ruby/gems/1.8/gems/actionpack-2.1.0/lib/action_controller/dispatcher.rb:107:in `dispatch'
    /opt/local/lib/ruby/gems/1.8/gems/actionpack-2.1.0/lib/action_controller/dispatcher.rb:104:in `synchronize'
    /opt/local/lib/ruby/gems/1.8/gems/actionpack-2.1.0/lib/action_controller/dispatcher.rb:104:in `dispatch'
    /opt/local/lib/ruby/gems/1.8/gems/actionpack-2.1.0/lib/action_controller/dispatcher.rb:120:in `dispatch_cgi'
    /opt/local/lib/ruby/gems/1.8/gems/actionpack-2.1.0/lib/action_controller/dispatcher.rb:35:in `dispatch'
    /opt/local/lib/ruby/gems/1.8/gems/mongrel-1.1.5/lib/mongrel/rails.rb:76:in `process'
    /opt/local/lib/ruby/gems/1.8/gems/mongrel-1.1.5/lib/mongrel/rails.rb:74:in `synchronize'
    /opt/local/lib/ruby/gems/1.8/gems/mongrel-1.1.5/lib/mongrel/rails.rb:74:in `process'
    /opt/local/lib/ruby/gems/1.8/gems/mongrel-1.1.5/lib/mongrel.rb:159:in `process_client'
    /opt/local/lib/ruby/gems/1.8/gems/mongrel-1.1.5/lib/mongrel.rb:158:in `each'
    /opt/local/lib/ruby/gems/1.8/gems/mongrel-1.1.5/lib/mongrel.rb:158:in `process_client'
    /opt/local/lib/ruby/gems/1.8/gems/mongrel-1.1.5/lib/mongrel.rb:285:in `run'
    /opt/local/lib/ruby/gems/1.8/gems/mongrel-1.1.5/lib/mongrel.rb:285:in `initialize'
    /opt/local/lib/ruby/gems/1.8/gems/mongrel-1.1.5/lib/mongrel.rb:285:in `new'
    /opt/local/lib/ruby/gems/1.8/gems/mongrel-1.1.5/lib/mongrel.rb:285:in `run'
    /opt/local/lib/ruby/gems/1.8/gems/mongrel-1.1.5/lib/mongrel.rb:268:in `initialize'
    /opt/local/lib/ruby/gems/1.8/gems/mongrel-1.1.5/lib/mongrel.rb:268:in `new'
    /opt/local/lib/ruby/gems/1.8/gems/mongrel-1.1.5/lib/mongrel.rb:268:in `run'
    /opt/local/lib/ruby/gems/1.8/gems/mongrel-1.1.5/lib/mongrel/configurator.rb:282:in `run'
    /opt/local/lib/ruby/gems/1.8/gems/mongrel-1.1.5/lib/mongrel/configurator.rb:281:in `each'
    /opt/local/lib/ruby/gems/1.8/gems/mongrel-1.1.5/lib/mongrel/configurator.rb:281:in `run'
    /opt/local/lib/ruby/gems/1.8/gems/mongrel-1.1.5/bin/mongrel_rails:128:in `run'
    /opt/local/lib/ruby/gems/1.8/gems/mongrel-1.1.5/lib/mongrel/command.rb:212:in `run'
    /opt/local/lib/ruby/gems/1.8/gems/mongrel-1.1.5/bin/mongrel_rails:281
    /opt/local/lib/ruby/gems/1.8/gems/activesupport-2.1.0/lib/active_support/dependencies.rb:502:in `load'
    /opt/local/lib/ruby/gems/1.8/gems/activesupport-2.1.0/lib/active_support/dependencies.rb:502:in `load'
    /opt/local/lib/ruby/gems/1.8/gems/activesupport-2.1.0/lib/active_support/dependencies.rb:354:in `new_constants_in'
    /opt/local/lib/ruby/gems/1.8/gems/activesupport-2.1.0/lib/active_support/dependencies.rb:502:in `load'
    /opt/local/lib/ruby/gems/1.8/gems/rails-2.1.0/lib/commands/servers/mongrel.rb:64
    /opt/local/lib/ruby/site_ruby/1.8/rubygems/custom_require.rb:27:in `gem_original_require'
    /opt/local/lib/ruby/site_ruby/1.8/rubygems/custom_require.rb:27:in `require'
    /opt/local/lib/ruby/gems/1.8/gems/activesupport-2.1.0/lib/active_support/dependencies.rb:509:in `require'
    /opt/local/lib/ruby/gems/1.8/gems/activesupport-2.1.0/lib/active_support/dependencies.rb:354:in `new_constants_in'
    /opt/local/lib/ruby/gems/1.8/gems/activesupport-2.1.0/lib/active_support/dependencies.rb:509:in `require'
    /opt/local/lib/ruby/gems/1.8/gems/rails-2.1.0/lib/commands/server.rb:39
    /opt/local/lib/ruby/site_ruby/1.8/rubygems/custom_require.rb:27:in `gem_original_require'
    /opt/local/lib/ruby/site_ruby/1.8/rubygems/custom_require.rb:27:in `require'
    script/server:3

Rendering /opt/local/lib/ruby/gems/1.8/gems/actionpack-2.1.0/lib/action_controller/templates/rescues/layout.erb (internal_server_error)


Processing MugshotsController#show (for 127.0.0.1 at 2008-07-07 20:35:25) [GET]
  Session ID: BAh7BzoMY3NyZl9pZCIlYzkxNmNhODcyZTdkY2FiZThlODJkZGU5MmUyNjVi
MDciCmZsYXNoSUM6J0FjdGlvbkNvbnRyb2xsZXI6OkZsYXNoOjpGbGFzaEhh
c2h7AAY6CkB1c2VkewA=--98694d856cd9e404cdfd271ace879dc36038a5b4
  Parameters: {"action"=>"show", "id"=>"1", "controller"=>"mugshots"}
  [4;36;1mMugshot Columns (0.001837)[0m   [0;1mSHOW FIELDS FROM `mugshots`[0m
  [4;35;1mMugshot Load (0.003015)[0m   [0mSELECT * FROM `mugshots` WHERE (`mugshots`.`id` = 1) [0m
Rendering template within layouts/mugshots
Rendering mugshots/show


ActionView::TemplateError (undefined method `symbolize_keys!' for "/mugshots/0000/0001/96.jpg":String) on line #1 of mugshots/show.html.erb:
1: <%= image_tag(@mugshot.filename, @mugshot.public_filename) -%>
2: <%= link_to 'Edit', edit_mugshot_path(@mugshot) %> |
3: <%= link_to 'Back', mugshots_path %>

    /opt/local/lib/ruby/gems/1.8/gems/actionpack-2.1.0/lib/action_view/helpers/asset_tag_helper.rb:429:in `image_tag'
    app/views/mugshots/show.html.erb:1:in `_run_erb_47app47views47mugshots47show46html46erb'
    /opt/local/lib/ruby/gems/1.8/gems/actionpack-2.1.0/lib/action_view/base.rb:338:in `send'
    /opt/local/lib/ruby/gems/1.8/gems/actionpack-2.1.0/lib/action_view/base.rb:338:in `execute'
    /opt/local/lib/ruby/gems/1.8/gems/actionpack-2.1.0/lib/action_view/template_handlers/compilable.rb:29:in `send'
    /opt/local/lib/ruby/gems/1.8/gems/actionpack-2.1.0/lib/action_view/template_handlers/compilable.rb:29:in `render'
    /opt/local/lib/ruby/gems/1.8/gems/actionpack-2.1.0/lib/action_view/template.rb:35:in `render'
    /opt/local/lib/ruby/gems/1.8/gems/actionpack-2.1.0/lib/action_view/template.rb:22:in `render_template'
    /opt/local/lib/ruby/gems/1.8/gems/actionpack-2.1.0/lib/action_view/base.rb:245:in `render_file'
    /opt/local/lib/ruby/gems/1.8/gems/actionpack-2.1.0/lib/action_controller/base.rb:1108:in `render_for_file'
    /opt/local/lib/ruby/gems/1.8/gems/actionpack-2.1.0/lib/action_controller/base.rb:865:in `render_with_no_layout'
    /opt/local/lib/ruby/gems/1.8/gems/actionpack-2.1.0/lib/action_controller/base.rb:880:in `render_with_no_layout'
    /opt/local/lib/ruby/gems/1.8/gems/actionpack-2.1.0/lib/action_controller/layout.rb:251:in `render_without_benchmark'
    /opt/local/lib/ruby/gems/1.8/gems/actionpack-2.1.0/lib/action_controller/benchmarking.rb:51:in `render'
    /opt/local/lib/ruby/gems/1.8/gems/activesupport-2.1.0/lib/active_support/core_ext/benchmark.rb:8:in `realtime'
    /opt/local/lib/ruby/gems/1.8/gems/actionpack-2.1.0/lib/action_controller/benchmarking.rb:51:in `render'
    /opt/local/lib/ruby/gems/1.8/gems/actionpack-2.1.0/lib/action_controller/mime_responds.rb:131:in `send'
    /opt/local/lib/ruby/gems/1.8/gems/actionpack-2.1.0/lib/action_controller/mime_responds.rb:131:in `custom'
    /opt/local/lib/ruby/gems/1.8/gems/actionpack-2.1.0/lib/action_controller/mime_responds.rb:160:in `call'
    /opt/local/lib/ruby/gems/1.8/gems/actionpack-2.1.0/lib/action_controller/mime_responds.rb:160:in `respond'
    /opt/local/lib/ruby/gems/1.8/gems/actionpack-2.1.0/lib/action_controller/mime_responds.rb:154:in `each'
    /opt/local/lib/ruby/gems/1.8/gems/actionpack-2.1.0/lib/action_controller/mime_responds.rb:154:in `respond'
    /opt/local/lib/ruby/gems/1.8/gems/actionpack-2.1.0/lib/action_controller/mime_responds.rb:107:in `respond_to'
    app/controllers/mugshots_controller.rb:18:in `show'
    /opt/local/lib/ruby/gems/1.8/gems/actionpack-2.1.0/lib/action_controller/base.rb:1162:in `send'
    /opt/local/lib/ruby/gems/1.8/gems/actionpack-2.1.0/lib/action_controller/base.rb:1162:in `perform_action_without_filters'
    /opt/local/lib/ruby/gems/1.8/gems/actionpack-2.1.0/lib/action_controller/filters.rb:580:in `call_filters'
    /opt/local/lib/ruby/gems/1.8/gems/actionpack-2.1.0/lib/action_controller/filters.rb:573:in `perform_action_without_benchmark'
    /opt/local/lib/ruby/gems/1.8/gems/actionpack-2.1.0/lib/action_controller/benchmarking.rb:68:in `perform_action_without_rescue'
    /opt/local/lib/ruby/1.8/benchmark.rb:293:in `measure'
    /opt/local/lib/ruby/gems/1.8/gems/actionpack-2.1.0/lib/action_controller/benchmarking.rb:68:in `perform_action_without_rescue'
    /opt/local/lib/ruby/gems/1.8/gems/actionpack-2.1.0/lib/action_controller/rescue.rb:201:in `perform_action_without_caching'
    /opt/local/lib/ruby/gems/1.8/gems/actionpack-2.1.0/lib/action_controller/caching/sql_cache.rb:13:in `perform_action'
    /opt/local/lib/ruby/gems/1.8/gems/activerecord-2.1.0/lib/active_record/connection_adapters/abstract/query_cache.rb:33:in `cache'
    /opt/local/lib/ruby/gems/1.8/gems/activerecord-2.1.0/lib/active_record/query_cache.rb:8:in `cache'
    /opt/local/lib/ruby/gems/1.8/gems/actionpack-2.1.0/lib/action_controller/caching/sql_cache.rb:12:in `perform_action'
    /opt/local/lib/ruby/gems/1.8/gems/actionpack-2.1.0/lib/action_controller/base.rb:529:in `send'
    /opt/local/lib/ruby/gems/1.8/gems/actionpack-2.1.0/lib/action_controller/base.rb:529:in `process_without_filters'
    /opt/local/lib/ruby/gems/1.8/gems/actionpack-2.1.0/lib/action_controller/filters.rb:569:in `process_without_session_management_support'
    /opt/local/lib/ruby/gems/1.8/gems/actionpack-2.1.0/lib/action_controller/session_management.rb:130:in `process'
    /opt/local/lib/ruby/gems/1.8/gems/actionpack-2.1.0/lib/action_controller/base.rb:389:in `process'
    /opt/local/lib/ruby/gems/1.8/gems/actionpack-2.1.0/lib/action_controller/dispatcher.rb:149:in `handle_request'
    /opt/local/lib/ruby/gems/1.8/gems/actionpack-2.1.0/lib/action_controller/dispatcher.rb:107:in `dispatch'
    /opt/local/lib/ruby/gems/1.8/gems/actionpack-2.1.0/lib/action_controller/dispatcher.rb:104:in `synchronize'
    /opt/local/lib/ruby/gems/1.8/gems/actionpack-2.1.0/lib/action_controller/dispatcher.rb:104:in `dispatch'
    /opt/local/lib/ruby/gems/1.8/gems/actionpack-2.1.0/lib/action_controller/dispatcher.rb:120:in `dispatch_cgi'
    /opt/local/lib/ruby/gems/1.8/gems/actionpack-2.1.0/lib/action_controller/dispatcher.rb:35:in `dispatch'
    /opt/local/lib/ruby/gems/1.8/gems/mongrel-1.1.5/lib/mongrel/rails.rb:76:in `process'
    /opt/local/lib/ruby/gems/1.8/gems/mongrel-1.1.5/lib/mongrel/rails.rb:74:in `synchronize'
    /opt/local/lib/ruby/gems/1.8/gems/mongrel-1.1.5/lib/mongrel/rails.rb:74:in `process'
    /opt/local/lib/ruby/gems/1.8/gems/mongrel-1.1.5/lib/mongrel.rb:159:in `process_client'
    /opt/local/lib/ruby/gems/1.8/gems/mongrel-1.1.5/lib/mongrel.rb:158:in `each'
    /opt/local/lib/ruby/gems/1.8/gems/mongrel-1.1.5/lib/mongrel.rb:158:in `process_client'
    /opt/local/lib/ruby/gems/1.8/gems/mongrel-1.1.5/lib/mongrel.rb:285:in `run'
    /opt/local/lib/ruby/gems/1.8/gems/mongrel-1.1.5/lib/mongrel.rb:285:in `initialize'
    /opt/local/lib/ruby/gems/1.8/gems/mongrel-1.1.5/lib/mongrel.rb:285:in `new'
    /opt/local/lib/ruby/gems/1.8/gems/mongrel-1.1.5/lib/mongrel.rb:285:in `run'
    /opt/local/lib/ruby/gems/1.8/gems/mongrel-1.1.5/lib/mongrel.rb:268:in `initialize'
    /opt/local/lib/ruby/gems/1.8/gems/mongrel-1.1.5/lib/mongrel.rb:268:in `new'
    /opt/local/lib/ruby/gems/1.8/gems/mongrel-1.1.5/lib/mongrel.rb:268:in `run'
    /opt/local/lib/ruby/gems/1.8/gems/mongrel-1.1.5/lib/mongrel/configurator.rb:282:in `run'
    /opt/local/lib/ruby/gems/1.8/gems/mongrel-1.1.5/lib/mongrel/configurator.rb:281:in `each'
    /opt/local/lib/ruby/gems/1.8/gems/mongrel-1.1.5/lib/mongrel/configurator.rb:281:in `run'
    /opt/local/lib/ruby/gems/1.8/gems/mongrel-1.1.5/bin/mongrel_rails:128:in `run'
    /opt/local/lib/ruby/gems/1.8/gems/mongrel-1.1.5/lib/mongrel/command.rb:212:in `run'
    /opt/local/lib/ruby/gems/1.8/gems/mongrel-1.1.5/bin/mongrel_rails:281
    /opt/local/lib/ruby/gems/1.8/gems/activesupport-2.1.0/lib/active_support/dependencies.rb:502:in `load'
    /opt/local/lib/ruby/gems/1.8/gems/activesupport-2.1.0/lib/active_support/dependencies.rb:502:in `load'
    /opt/local/lib/ruby/gems/1.8/gems/activesupport-2.1.0/lib/active_support/dependencies.rb:354:in `new_constants_in'
    /opt/local/lib/ruby/gems/1.8/gems/activesupport-2.1.0/lib/active_support/dependencies.rb:502:in `load'
    /opt/local/lib/ruby/gems/1.8/gems/rails-2.1.0/lib/commands/servers/mongrel.rb:64
    /opt/local/lib/ruby/site_ruby/1.8/rubygems/custom_require.rb:27:in `gem_original_require'
    /opt/local/lib/ruby/site_ruby/1.8/rubygems/custom_require.rb:27:in `require'
    /opt/local/lib/ruby/gems/1.8/gems/activesupport-2.1.0/lib/active_support/dependencies.rb:509:in `require'
    /opt/local/lib/ruby/gems/1.8/gems/activesupport-2.1.0/lib/active_support/dependencies.rb:354:in `new_constants_in'
    /opt/local/lib/ruby/gems/1.8/gems/activesupport-2.1.0/lib/active_support/dependencies.rb:509:in `require'
    /opt/local/lib/ruby/gems/1.8/gems/rails-2.1.0/lib/commands/server.rb:39
    /opt/local/lib/ruby/site_ruby/1.8/rubygems/custom_require.rb:27:in `gem_original_require'
    /opt/local/lib/ruby/site_ruby/1.8/rubygems/custom_require.rb:27:in `require'
    script/server:3

Rendering /opt/local/lib/ruby/gems/1.8/gems/actionpack-2.1.0/lib/action_controller/templates/rescues/layout.erb (internal_server_error)


Processing MugshotsController#show (for 127.0.0.1 at 2008-07-07 20:36:13) [GET]
  Session ID: BAh7BzoMY3NyZl9pZCIlYzkxNmNhODcyZTdkY2FiZThlODJkZGU5MmUyNjVi
MDciCmZsYXNoSUM6J0FjdGlvbkNvbnRyb2xsZXI6OkZsYXNoOjpGbGFzaEhh
c2h7AAY6CkB1c2VkewA=--98694d856cd9e404cdfd271ace879dc36038a5b4
  Parameters: {"action"=>"show", "id"=>"1", "controller"=>"mugshots"}
  [4;36;1mMugshot Columns (0.001902)[0m   [0;1mSHOW FIELDS FROM `mugshots`[0m
  [4;35;1mMugshot Load (0.002343)[0m   [0mSELECT * FROM `mugshots` WHERE (`mugshots`.`id` = 1) [0m
Rendering template within layouts/mugshots
Rendering mugshots/show
Completed in 0.05885 (16 reqs/sec) | Rendering: 0.00464 (7%) | DB: 0.00425 (7%) | 200 OK [http://localhost/mugshots/1]
